<?xml version="1.0" encoding="UTF-8"?>
<!-- Generated by org.testng.reporters.JUnitReportReporter -->
<testsuite hostname="BIMWize3" failures="0" tests="2" name="test.NavigationTest" time="9.757" errors="0" timestamp="2022-07-19T14:22:10 EDT" skipped="0">
  <testcase classname="test.NavigationTest" name="getcommands" time="0.035"/>
  <system-out/>
  <testcase classname="test.NavigationTest" name="navigateto" time="9.722"/>
  <system-out/>
</testsuite> <!-- test.NavigationTest -->
